<?xml version="1.0" encoding="UTF-8"?>
<testng-results ignored="0" total="1" passed="1" failed="0" skipped="0">
  <reporter-output>
  </reporter-output>
  <suite started-at="2024-04-24T13:56:18 IST" name="Default suite" finished-at="2024-04-24T13:56:21 IST" duration-ms="3212">
    <groups>
      <group name="cucumber">
        <method signature="AbstractTestNGCucumberTests.runScenario(io.cucumber.testng.PickleWrapper,io.cucumber.testng.FeatureWrapper)[pri:0, instance:TestRunnerTest.TestRunner@8519cb4]" name="runScenario" class="io.cucumber.testng.AbstractTestNGCucumberTests"/>
      </group> <!-- cucumber -->
    </groups>
    <test started-at="2024-04-24T13:56:18 IST" name="Default test" finished-at="2024-04-24T13:56:21 IST" duration-ms="3212">
      <class name="TestRunnerTest.TestRunner">
        <test-method is-config="true" signature="setUpClass(org.testng.ITestContext)[pri:0, instance:TestRunnerTest.TestRunner@8519cb4]" started-at="2024-04-24T13:56:18 IST" name="setUpClass" finished-at="2024-04-24T13:56:18 IST" duration-ms="256" status="PASS">
          <params>
            <param index="0">
              <value>
                <![CDATA[org.testng.TestRunner@2c18a3ea]]>
              </value>
            </param>
          </params>
          <reporter-output>
          </reporter-output>
        </test-method> <!-- setUpClass -->
        <test-method signature="runScenario(io.cucumber.testng.PickleWrapper,io.cucumber.testng.FeatureWrapper)[pri:0, instance:TestRunnerTest.TestRunner@8519cb4]" started-at="2024-04-24T13:56:18 IST" name="runScenario" description="Runs Cucumber Scenarios" data-provider="scenarios" finished-at="2024-04-24T13:56:21 IST" duration-ms="2901" status="PASS">
          <params>
            <param index="0">
              <value>
                <![CDATA["Verify the get api fetches all for the products For which the Price needs to be Changed."]]>
              </value>
            </param>
            <param index="1">
              <value>
                <![CDATA["Get all product items from the Item Info API fo for whichever the Price needs to be changed and sent to outlet."]]>
              </value>
            </param>
          </params>
          <reporter-output>
          </reporter-output>
        </test-method> <!-- runScenario -->
        <test-method is-config="true" signature="tearDownClass()[pri:0, instance:TestRunnerTest.TestRunner@8519cb4]" started-at="2024-04-24T13:56:21 IST" name="tearDownClass" finished-at="2024-04-24T13:56:21 IST" duration-ms="3" status="PASS">
          <reporter-output>
          </reporter-output>
        </test-method> <!-- tearDownClass -->
      </class> <!-- TestRunnerTest.TestRunner -->
    </test> <!-- Default test -->
  </suite> <!-- Default suite -->
</testng-results>
